{"name": "test_close_partial_open_position", "status": "broken", "statusDetails": {"message": "selenium.common.exceptions.TimeoutException: Message: \nStacktrace:\n\tGetHandleVerifier [0x0xf03783+63299]\n\tGetHandleVerifier [0x0xf037c4+63364]\n\t(No symbol) [0x0xd31113]\n\t(No symbol) [0x0xd7987e]\n\t(No symbol) [0x0xd79c1b]\n\t(No symbol) [0x0xdc2212]\n\t(No symbol) [0x0xd9e5c4]\n\t(No symbol) [0x0xdbfa4a]\n\t(No symbol) [0x0xd9e376]\n\t(No symbol) [0x0xd6d6e0]\n\t(No symbol) [0x0xd6e544]\n\tGetHandleVerifier [0x0x115e073+2531379]\n\tGetHandleVerifier [0x0x1159372+2511666]\n\tGetHandleVerifier [0x0xf29efa+220858]\n\tGetHandleVerifier [0x0xf1a548+156936]\n\tGetHandleVerifier [0x0xf20c7d+183357]\n\tGetHandleVerifier [0x0xf0b6e8+95912]\n\tGetHandleVerifier [0x0xf0b890+96336]\n\tGetHandleVerifier [0x0xef666a+9770]\n\tBaseThreadInitThunk [0x0x767dfa29+25]\n\tRtlGetAppContainerNamedObjectPath [0x0x778e7a9e+286]\n\tRtlGetAppContainerNamedObjectPath [0x0x778e7a6e+238]", "trace": "self = <testcases.test_market_order.TestMarketOrder object at 0x0000016DD405BB90>\n\n    def test_close_partial_open_position(self):\n        trading_home_page = TradingHomePage(self.driver)\n        ask_price = trading_home_page.get_ask_price()\n        sl_price = ask_price - config.SL\n        tp_price = ask_price + config.TP\n        trading_home_page.send_buy_order(config.SIZE, sl_price, tp_price)\n        sl_price_formatted = format(sl_price, \",\")\n        trading_home_page.click_close_open_position_button()\n        trading_home_page.input_volume_on_close_order_popup(\"0.05\")\n        volume_updated = 0.01\n        trading_home_page.click_close_order_button()\n    \n        trading_home_page.validate_order_details_with_notification(config.SYMBOL, \"BUY\", \"close_open_position\", ask_price, volume_updated,\n                                                                    sl_price, tp_price)\n>       trading_home_page.validate_placed_details_on_open_position_table(\"BUY\", volume_updated, ask_price, tp_price, sl_price_formatted)\n\ntestcases\\test_market_order.py:75: \n_ _ _ _ _ _ _ _ _ _ _ _ _ _ _ _ _ _ _ _ _ _ _ _ _ _ _ _ _ _ _ _ _ _ _ _ _ _ _ _\npages\\trading_home_page.py:383: in validate_placed_details_on_open_position_table\n    actual_open_date = self.get_open_date(sl)\n                       ^^^^^^^^^^^^^^^^^^^^^^\npages\\trading_home_page.py:128: in get_open_date\n    open_date = self.find_element((By.XPATH, self._open_date_locator.format(f\"'{sl}'\"))).text\n                ^^^^^^^^^^^^^^^^^^^^^^^^^^^^^^^^^^^^^^^^^^^^^^^^^^^^^^^^^^^^^^^^^^^^^^^^\npages\\base_page.py:14: in find_element\n    return WebDriverWait(self.driver, timeout).until(ec.presence_of_element_located(locator))\n           ^^^^^^^^^^^^^^^^^^^^^^^^^^^^^^^^^^^^^^^^^^^^^^^^^^^^^^^^^^^^^^^^^^^^^^^^^^^^^^^^^^\n_ _ _ _ _ _ _ _ _ _ _ _ _ _ _ _ _ _ _ _ _ _ _ _ _ _ _ _ _ _ _ _ _ _ _ _ _ _ _ _\n\nself = <selenium.webdriver.support.wait.WebDriverWait (session=\"32d1f44ed99f87e34c2960b2c5dd96e0\")>\nmethod = <function presence_of_element_located.<locals>._predicate at 0x0000016DD505E160>\nmessage = ''\n\n    def until(self, method: Callable[[D], Union[Literal[False], T]], message: str = \"\") -> T:\n        \"\"\"Wait until the method returns a value that is not False.\n    \n        Calls the method provided with the driver as an argument until the\n        return value does not evaluate to ``False``.\n    \n        Parameters:\n        -----------\n        method: callable(WebDriver)\n            - A callable object that takes a WebDriver instance as an argument.\n    \n        message: str\n            - Optional message for :exc:`TimeoutException`\n    \n        Return:\n        -------\n        object: T\n            - The result of the last call to `method`\n    \n        Raises:\n        -------\n        TimeoutException\n            - If 'method' does not return a truthy value within the WebDriverWait\n            object's timeout\n    \n        Example:\n        --------\n        >>> from selenium.webdriver.common.by import By\n        >>> from selenium.webdriver.support.ui import WebDriverWait\n        >>> from selenium.webdriver.support import expected_conditions as EC\n    \n        # Wait until an element is visible on the page\n        >>> wait = WebDriverWait(driver, 10)\n        >>> element = wait.until(EC.visibility_of_element_located((By.ID, \"exampleId\")))\n        >>> print(element.text)\n        \"\"\"\n        screen = None\n        stacktrace = None\n    \n        end_time = time.monotonic() + self._timeout\n        while True:\n            try:\n                value = method(self._driver)\n                if value:\n                    return value\n            except self._ignored_exceptions as exc:\n                screen = getattr(exc, \"screen\", None)\n                stacktrace = getattr(exc, \"stacktrace\", None)\n            if time.monotonic() > end_time:\n                break\n            time.sleep(self._poll)\n>       raise TimeoutException(message, screen, stacktrace)\nE       selenium.common.exceptions.TimeoutException: Message: \nE       Stacktrace:\nE       \tGetHandleVerifier [0x0xf03783+63299]\nE       \tGetHandleVerifier [0x0xf037c4+63364]\nE       \t(No symbol) [0x0xd31113]\nE       \t(No symbol) [0x0xd7987e]\nE       \t(No symbol) [0x0xd79c1b]\nE       \t(No symbol) [0x0xdc2212]\nE       \t(No symbol) [0x0xd9e5c4]\nE       \t(No symbol) [0x0xdbfa4a]\nE       \t(No symbol) [0x0xd9e376]\nE       \t(No symbol) [0x0xd6d6e0]\nE       \t(No symbol) [0x0xd6e544]\nE       \tGetHandleVerifier [0x0x115e073+2531379]\nE       \tGetHandleVerifier [0x0x1159372+2511666]\nE       \tGetHandleVerifier [0x0xf29efa+220858]\nE       \tGetHandleVerifier [0x0xf1a548+156936]\nE       \tGetHandleVerifier [0x0xf20c7d+183357]\nE       \tGetHandleVerifier [0x0xf0b6e8+95912]\nE       \tGetHandleVerifier [0x0xf0b890+96336]\nE       \tGetHandleVerifier [0x0xef666a+9770]\nE       \tBaseThreadInitThunk [0x0x767dfa29+25]\nE       \tRtlGetAppContainerNamedObjectPath [0x0x778e7a9e+286]\nE       \tRtlGetAppContainerNamedObjectPath [0x0x778e7a6e+238]\n\nvenv\\Lib\\site-packages\\selenium\\webdriver\\support\\wait.py:138: TimeoutException"}, "start": 1750027270792, "stop": 1750027349063, "uuid": "64bb8ef4-7fa0-49c5-bfb8-184adf9f8c51", "historyId": "2fbf06fe28634b05b16abe3e8fb3ccf6", "testCaseId": "2fbf06fe28634b05b16abe3e8fb3ccf6", "fullName": "testcases.test_market_order.TestMarketOrder#test_close_partial_open_position", "labels": [{"name": "parentSuite", "value": "testcases"}, {"name": "suite", "value": "test_market_order"}, {"name": "subSuite", "value": "TestMarketOrder"}, {"name": "host", "value": "DESKTOP-36P47OC"}, {"name": "thread", "value": "23900-MainThread"}, {"name": "framework", "value": "pytest"}, {"name": "language", "value": "cpython3"}, {"name": "package", "value": "testcases.test_market_order"}]}